<?xml version="1.0" encoding="UTF-8"?>
<!-- Generated by org.testng.reporters.JUnitXMLReporter -->
<testsuite ignored="1" hostname="LAPTOP-6V5G6Q8J" failures="0" tests="2" name="DataTransformation" time="31.136" errors="0" timestamp="2024-12-31T23:12:42 IST">
  <testcase classname="SourabhMohrir.SeleniumProject.StandaloneTest" name="submitOrderTest" time="15.873"/>
  <testcase classname="SourabhMohrir.SeleniumProject.StandaloneTest" name="submitOrderTest" time="4.394"/>
  <testcase classname="SourabhMohrir.SeleniumProject.StandaloneTest" name="orderHistoryTest" time="0.0">
    <ignored/>
  </testcase> <!-- orderHistoryTest -->
</testsuite> <!-- DataTransformation -->
