<?xml version="1.0" encoding="UTF-8"?>
<!-- Generated by org.testng.reporters.JUnitXMLReporter -->
<testsuite ignored="2" hostname="LAPTOP-6V5G6Q8J" failures="0" tests="0" time="0.002" errors="0" timestamp="2024-12-31T22:59:33 IST">
  <testcase classname="SourabhMohrir.SeleniumProject.ErrorValidation" name="verifyWrongPassword" time="0.0">
    <ignored/>
  </testcase> <!-- verifyWrongPassword -->
  <testcase classname="SourabhMohrir.SeleniumProject.ErrorValidation" name="productErrorValidation" time="0.0">
    <ignored/>
  </testcase> <!-- productErrorValidation -->
</testsuite>
