<?xml version="1.0" encoding="UTF-8"?>
<!-- Generated by org.testng.reporters.JUnitXMLReporter -->
<testsuite ignored="1" hostname="LAPTOP-6V5G6Q8J" failures="2" tests="2" name="Submit Order Test" time="0.134" errors="0" timestamp="2024-12-31T22:59:33 IST">
  <testcase classname="SourabhMohrir.SeleniumProject.StandaloneTest" name="submitOrderTest" time="0.019">
    <failure type="java.lang.NullPointerException" message="Cannot invoke &amp;quot;seleniumProject.PageObjects.LandingPage.loginApplication(String, String)&amp;quot; because &amp;quot;this.lp&amp;quot; is null">
      <![CDATA[java.lang.NullPointerException: Cannot invoke "seleniumProject.PageObjects.LandingPage.loginApplication(String, String)" because "this.lp" is null
at SourabhMohrir.SeleniumProject.StandaloneTest.submitOrderTest(StandaloneTest.java:32)
at java.base/java.util.ArrayList.forEach(ArrayList.java:1597)
... Removed 25 stack frames]]>
    </failure>
  </testcase> <!-- submitOrderTest -->
  <testcase classname="SourabhMohrir.SeleniumProject.StandaloneTest" name="submitOrderTest" time="0.011">
    <failure type="java.lang.NullPointerException" message="Cannot invoke &amp;quot;seleniumProject.PageObjects.LandingPage.loginApplication(String, String)&amp;quot; because &amp;quot;this.lp&amp;quot; is null">
      <![CDATA[java.lang.NullPointerException: Cannot invoke "seleniumProject.PageObjects.LandingPage.loginApplication(String, String)" because "this.lp" is null
at SourabhMohrir.SeleniumProject.StandaloneTest.submitOrderTest(StandaloneTest.java:32)
at java.base/java.util.ArrayList.forEach(ArrayList.java:1597)
... Removed 25 stack frames]]>
    </failure>
  </testcase> <!-- submitOrderTest -->
  <testcase classname="SourabhMohrir.SeleniumProject.StandaloneTest" name="orderHistoryTest" time="0.0">
    <ignored/>
  </testcase> <!-- orderHistoryTest -->
</testsuite> <!-- Submit Order Test -->
