<?xml version="1.0" encoding="UTF-8"?>
<testng-results ignored="0" total="2" passed="2" failed="0" skipped="0">
  <reporter-output>
  </reporter-output>
  <suite started-at="2024-12-31T23:12:10 IST" name="Suite" finished-at="2024-12-31T23:12:42 IST" duration-ms="31136">
    <groups>
      <group name="purchase">
        <method signature="StandaloneTest.submitOrderTest(java.lang.String,java.lang.String,java.lang.String)[pri:0, instance:SourabhMohrir.SeleniumProject.StandaloneTest@dd05255]" name="submitOrderTest" class="SourabhMohrir.SeleniumProject.StandaloneTest"/>
      </group> <!-- purchase -->
    </groups>
    <test started-at="2024-12-31T23:12:10 IST" name="DataTransformation" finished-at="2024-12-31T23:12:42 IST" duration-ms="31136">
      <class name="SourabhMohrir.SeleniumProject.StandaloneTest">
        <test-method is-config="true" signature="launchApplication()[pri:0, instance:SourabhMohrir.SeleniumProject.StandaloneTest@dd05255]" started-at="2024-12-31T23:12:10 IST" name="launchApplication" finished-at="2024-12-31T23:12:17 IST" duration-ms="6953" status="PASS">
          <reporter-output>
          </reporter-output>
        </test-method> <!-- launchApplication -->
        <test-method signature="submitOrderTest(java.lang.String,java.lang.String,java.lang.String)[pri:0, instance:SourabhMohrir.SeleniumProject.StandaloneTest@dd05255]" started-at="2024-12-31T23:12:17 IST" name="submitOrderTest" data-provider="getData" finished-at="2024-12-31T23:12:33 IST" duration-ms="15873" status="PASS">
          <params>
            <param index="0">
              <value>
                <![CDATA[sourabh07@gmail.com]]>
              </value>
            </param>
            <param index="1">
              <value>
                <![CDATA[Sourabh@123]]>
              </value>
            </param>
            <param index="2">
              <value>
                <![CDATA[IPHONE 13 PRO]]>
              </value>
            </param>
          </params>
          <reporter-output>
          </reporter-output>
        </test-method> <!-- submitOrderTest -->
        <test-method is-config="true" signature="tearDown()[pri:0, instance:SourabhMohrir.SeleniumProject.StandaloneTest@dd05255]" started-at="2024-12-31T23:12:33 IST" name="tearDown" finished-at="2024-12-31T23:12:34 IST" duration-ms="333" status="PASS">
          <reporter-output>
          </reporter-output>
        </test-method> <!-- tearDown -->
        <test-method is-config="true" signature="launchApplication()[pri:0, instance:SourabhMohrir.SeleniumProject.StandaloneTest@dd05255]" started-at="2024-12-31T23:12:34 IST" name="launchApplication" finished-at="2024-12-31T23:12:37 IST" duration-ms="3178" status="PASS">
          <reporter-output>
          </reporter-output>
        </test-method> <!-- launchApplication -->
        <test-method signature="submitOrderTest(java.lang.String,java.lang.String,java.lang.String)[pri:0, instance:SourabhMohrir.SeleniumProject.StandaloneTest@dd05255]" started-at="2024-12-31T23:12:37 IST" name="submitOrderTest" data-provider="getData" finished-at="2024-12-31T23:12:41 IST" duration-ms="4394" status="PASS">
          <params>
            <param index="0">
              <value>
                <![CDATA[srm@gmail.com]]>
              </value>
            </param>
            <param index="1">
              <value>
                <![CDATA[SourabhMoh@123]]>
              </value>
            </param>
            <param index="2">
              <value>
                <![CDATA[ADIDAS ORIGINAL]]>
              </value>
            </param>
          </params>
          <reporter-output>
          </reporter-output>
        </test-method> <!-- submitOrderTest -->
        <test-method is-config="true" signature="tearDown()[pri:0, instance:SourabhMohrir.SeleniumProject.StandaloneTest@dd05255]" started-at="2024-12-31T23:12:41 IST" name="tearDown" finished-at="2024-12-31T23:12:42 IST" duration-ms="295" status="PASS">
          <reporter-output>
          </reporter-output>
        </test-method> <!-- tearDown -->
      </class> <!-- SourabhMohrir.SeleniumProject.StandaloneTest -->
    </test> <!-- DataTransformation -->
  </suite> <!-- Suite -->
</testng-results>
